[2025-05-10 15:14:36] === Starting Trust Score Calculation ===
[2025-05-10 15:14:36] Starting trust score calculation...
[2025-05-10 15:14:36] Found 2 users in the trust network
[2025-05-10 15:14:36] Building trust network graph...
[2025-05-10 15:14:36] Calculating PageRank scores...
[2025-05-10 15:14:36] Warning: PageRank calculation failed (No module named 'scipy'), using basic scoring
[2025-05-10 15:14:36] Applying distrust penalties...
[2025-05-10 15:14:36] Detecting communities...
[2025-05-10 15:14:36] Creating JSON data structure...
[2025-05-10 15:14:36] Successfully generated js/data.js with:
[2025-05-10 15:14:36] - 2 users
[2025-05-10 15:14:36] - 1 trust relationships
[2025-05-10 15:14:36] - 1 communities
[2025-05-10 15:14:36] Trust calculation completed successfully.
[2025-05-10 15:42:46] === Starting Trust Score Calculation ===
[2025-05-10 15:42:46] Starting trust score calculation...
[2025-05-10 15:42:46] Found 3 users in the trust network
[2025-05-10 15:42:46] Building trust network graph...
[2025-05-10 15:42:46] Calculating PageRank scores...
[2025-05-10 15:42:46] Warning: PageRank calculation failed (No module named 'scipy'), using basic scoring
[2025-05-10 15:42:46] Applying distrust penalties...
[2025-05-10 15:42:46] Detecting communities...
[2025-05-10 15:42:46] Creating JSON data structure...
[2025-05-10 15:42:46] Successfully generated js/data.js with:
[2025-05-10 15:42:46] - 3 users
[2025-05-10 15:42:46] - 2 trust relationships
[2025-05-10 15:42:46] - 1 communities
[2025-05-10 15:42:46] Trust calculation completed successfully.
