[2025-05-10 15:14:36] === Starting Trust Score Calculation ===
[2025-05-10 15:14:36] Starting trust score calculation...
[2025-05-10 15:14:36] Found 2 users in the trust network
[2025-05-10 15:14:36] Building trust network graph...
[2025-05-10 15:14:36] Calculating PageRank scores...
[2025-05-10 15:14:36] Warning: PageRank calculation failed (No module named 'scipy'), using basic scoring
[2025-05-10 15:14:36] Applying distrust penalties...
[2025-05-10 15:14:36] Detecting communities...
[2025-05-10 15:14:36] Creating JSON data structure...
[2025-05-10 15:14:36] Successfully generated js/data.js with:
[2025-05-10 15:14:36] - 2 users
[2025-05-10 15:14:36] - 1 trust relationships
[2025-05-10 15:14:36] - 1 communities
[2025-05-10 15:14:36] Trust calculation completed successfully.
[2025-05-10 15:42:46] === Starting Trust Score Calculation ===
[2025-05-10 15:42:46] Starting trust score calculation...
[2025-05-10 15:42:46] Found 3 users in the trust network
[2025-05-10 15:42:46] Building trust network graph...
[2025-05-10 15:42:46] Calculating PageRank scores...
[2025-05-10 15:42:46] Warning: PageRank calculation failed (No module named 'scipy'), using basic scoring
[2025-05-10 15:42:46] Applying distrust penalties...
[2025-05-10 15:42:46] Detecting communities...
[2025-05-10 15:42:46] Creating JSON data structure...
[2025-05-10 15:42:46] Successfully generated js/data.js with:
[2025-05-10 15:42:46] - 3 users
[2025-05-10 15:42:46] - 2 trust relationships
[2025-05-10 15:42:46] - 1 communities
[2025-05-10 15:42:46] Trust calculation completed successfully.
[2025-05-10 15:44:04] === Starting Trust Score Calculation ===
[2025-05-10 15:44:04] Starting trust score calculation...
[2025-05-10 15:44:04] Found 3 users in the trust network
[2025-05-10 15:44:04] Building trust network graph...
[2025-05-10 15:44:04] Calculating PageRank scores...
[2025-05-10 15:44:04] Warning: PageRank calculation failed (No module named 'scipy'), using basic scoring
[2025-05-10 15:44:04] Applying distrust penalties...
[2025-05-10 15:44:04] Detecting communities...
[2025-05-10 15:44:04] Creating JSON data structure...
[2025-05-10 15:44:04] Successfully generated js/data.js with:
[2025-05-10 15:44:04] - 3 users
[2025-05-10 15:44:04] - 2 trust relationships
[2025-05-10 15:44:04] - 1 communities
[2025-05-10 15:44:04] Trust calculation completed successfully.
[2025-05-10 15:45:42] === Starting Trust Score Calculation ===
[2025-05-10 15:45:42] Starting trust score calculation...
[2025-05-10 15:45:42] Found 3 users in the trust network
[2025-05-10 15:45:42] Building trust network graph...
[2025-05-10 15:45:42] Calculating PageRank scores...
[2025-05-10 15:45:42] Warning: PageRank calculation failed (No module named 'scipy'), using basic scoring
[2025-05-10 15:45:42] Applying distrust penalties...
[2025-05-10 15:45:42] Detecting communities...
[2025-05-10 15:45:42] Creating JSON data structure...
[2025-05-10 15:45:42] Successfully generated js/data.js with:
[2025-05-10 15:45:42] - 3 users
[2025-05-10 15:45:42] - 2 trust relationships
[2025-05-10 15:45:42] - 1 communities
[2025-05-10 15:45:42] Trust calculation completed successfully.
[2025-05-11 06:39:09] === Starting Trust Score Calculation ===
[2025-05-11 06:39:09] Starting trust score calculation...
[2025-05-11 06:39:09] Found 3 users in the trust network
[2025-05-11 06:39:09] Building trust network graph...
[2025-05-11 06:39:09] Calculating PageRank scores...
[2025-05-11 06:39:09] Warning: PageRank calculation failed (No module named 'scipy'), using basic scoring
[2025-05-11 06:39:09] Applying distrust penalties...
[2025-05-11 06:39:09] Detecting communities...
[2025-05-11 06:39:09] Creating JSON data structure...
[2025-05-11 06:39:09] Successfully generated js/data.js with:
[2025-05-11 06:39:09] - 3 users
[2025-05-11 06:39:09] - 3 trust relationships
[2025-05-11 06:39:09] - 1 communities
[2025-05-11 06:39:09] Trust calculation completed successfully.
[2025-05-11 07:04:26] === Starting Trust Score Calculation ===
[2025-05-11 07:04:26] Starting trust score calculation...
[2025-05-11 07:04:26] Found 3 users in the trust network
[2025-05-11 07:04:26] Building trust network graph...
[2025-05-11 07:04:26] Calculating PageRank scores...
[2025-05-11 07:04:26] Warning: PageRank calculation failed (No module named 'scipy'), using basic scoring
[2025-05-11 07:04:26] Applying distrust penalties...
[2025-05-11 07:04:26] Detecting communities...
[2025-05-11 07:04:26] Creating JSON data structure...
[2025-05-11 07:04:26] Successfully generated js/data.js with:
[2025-05-11 07:04:26] - 3 users
[2025-05-11 07:04:26] - 3 trust relationships
[2025-05-11 07:04:26] - 1 communities
[2025-05-11 07:04:26] Trust calculation completed successfully.
[2025-05-11 09:41:24] === Starting Trust Score Calculation ===
[2025-05-11 09:41:24] Starting trust score calculation...
[2025-05-11 09:41:24] Found 4 users in the trust network
[2025-05-11 09:41:24] Building trust network graph...
[2025-05-11 09:41:24] Calculating PageRank scores...
[2025-05-11 09:41:25] Applying distrust penalties...
[2025-05-11 09:41:25] Detecting communities...
[2025-05-11 09:41:25] Creating JSON data structure...
[2025-05-11 09:41:25] Successfully generated js/data.js with:
[2025-05-11 09:41:25] - 4 users
[2025-05-11 09:41:25] - 4 trust relationships
[2025-05-11 09:41:25] - 2 communities
[2025-05-11 09:41:25] Trust calculation completed successfully.
[2025-05-11 09:43:37] === Starting Trust Score Calculation ===
[2025-05-11 09:43:37] Starting trust score calculation...
[2025-05-11 09:43:37] Found 4 users in the trust network
[2025-05-11 09:43:37] Building trust network graph...
[2025-05-11 09:43:37] Calculating PageRank scores...
[2025-05-11 09:43:37] Applying distrust penalties...
[2025-05-11 09:43:37] Detecting communities...
[2025-05-11 09:43:37] Creating JSON data structure...
[2025-05-11 09:43:37] Successfully generated js/data.js with:
[2025-05-11 09:43:37] - 4 users
[2025-05-11 09:43:37] - 4 trust relationships
[2025-05-11 09:43:37] - 2 communities
[2025-05-11 09:43:37] Trust calculation completed successfully.
[2025-05-11 10:29:46] === Starting Trust Score Calculation ===
[2025-05-11 10:29:46] Starting trust score calculation...
[2025-05-11 10:29:46] Found 5 users in the trust network
[2025-05-11 10:29:46] Building trust network graph...
[2025-05-11 10:29:46] Calculating PageRank scores...
[2025-05-11 10:29:46] Applying distrust penalties...
[2025-05-11 10:29:46] Detecting communities...
[2025-05-11 10:29:46] Creating JSON data structure...
[2025-05-11 10:29:46] Successfully generated js/data.js with:
[2025-05-11 10:29:46] - 5 users
[2025-05-11 10:29:46] - 5 trust relationships
[2025-05-11 10:29:46] - 3 communities
[2025-05-11 10:29:46] Trust calculation completed successfully.
[2025-05-11 11:25:49] === Starting Trust Score Calculation ===
[2025-05-11 11:25:49] Starting trust score calculation...
[2025-05-11 11:25:49] Found 5 users in the trust network
[2025-05-11 11:25:49] Building trust network graph...
[2025-05-11 11:25:49] Calculating PageRank scores...
[2025-05-11 11:25:49] Applying distrust penalties...
[2025-05-11 11:25:49] Detecting communities...
[2025-05-11 11:25:49] Creating JSON data structure...
[2025-05-11 11:25:49] Successfully generated js/data.js with:
[2025-05-11 11:25:49] - 5 users
[2025-05-11 11:25:49] - 5 trust relationships
[2025-05-11 11:25:49] - 3 communities
[2025-05-11 11:25:49] Trust calculation completed successfully.
[2025-05-11 11:29:30] === Starting Trust Score Calculation ===
[2025-05-11 11:29:30] Starting trust score calculation...
[2025-05-11 11:29:30] Found 5 users in the trust network
[2025-05-11 11:29:30] Building trust network graph...
[2025-05-11 11:29:30] Calculating PageRank scores...
[2025-05-11 11:29:31] Applying distrust penalties...
[2025-05-11 11:29:31] Detecting communities...
[2025-05-11 11:29:31] Creating JSON data structure...
[2025-05-11 11:29:31] Successfully generated js/data.js with:
[2025-05-11 11:29:31] - 5 users
[2025-05-11 11:29:31] - 5 trust relationships
[2025-05-11 11:29:31] - 3 communities
[2025-05-11 11:29:31] Trust calculation completed successfully.
[2025-05-11 13:15:13] === Starting Trust Score Calculation ===
[2025-05-11 13:15:13] Starting trust score calculation...
[2025-05-11 13:15:13] Found 6 users in the trust network
[2025-05-11 13:15:13] Building trust network graph...
[2025-05-11 13:15:13] Calculating PageRank scores...
[2025-05-11 13:15:13] Applying distrust penalties...
[2025-05-11 13:15:13] Detecting communities...
[2025-05-11 13:15:13] Creating JSON data structure...
[2025-05-11 13:15:13] Successfully generated js/data.js with:
[2025-05-11 13:15:13] - 6 users
[2025-05-11 13:15:13] - 6 trust relationships
[2025-05-11 13:15:13] - 4 communities
[2025-05-11 13:15:13] Trust calculation completed successfully.
[2025-05-11 13:25:12] === Starting Trust Score Calculation ===
[2025-05-11 13:25:12] Starting trust score calculation...
[2025-05-11 13:25:12] Found 7 users in the trust network
[2025-05-11 13:25:12] Building trust network graph...
[2025-05-11 13:25:12] Calculating PageRank scores...
[2025-05-11 13:25:12] Applying distrust penalties...
[2025-05-11 13:25:12] Detecting communities...
[2025-05-11 13:25:12] Creating JSON data structure...
[2025-05-11 13:25:12] Successfully generated js/data.js with:
[2025-05-11 13:25:12] - 7 users
[2025-05-11 13:25:12] - 7 trust relationships
[2025-05-11 13:25:12] - 5 communities
[2025-05-11 13:25:12] Trust calculation completed successfully.
[2025-05-11 13:35:12] === Starting Trust Score Calculation ===
[2025-05-11 13:35:12] Starting trust score calculation...
[2025-05-11 13:35:12] Found 7 users in the trust network
[2025-05-11 13:35:12] Building trust network graph...
[2025-05-11 13:35:12] Calculating PageRank scores...
[2025-05-11 13:35:12] Applying distrust penalties...
[2025-05-11 13:35:12] Detecting communities...
[2025-05-11 13:35:12] Creating JSON data structure...
[2025-05-11 13:35:12] Successfully generated js/data.js with:
[2025-05-11 13:35:12] - 7 users
[2025-05-11 13:35:12] - 7 trust relationships
[2025-05-11 13:35:12] - 5 communities
[2025-05-11 13:35:12] Trust calculation completed successfully.
[2025-05-11 13:45:12] === Starting Trust Score Calculation ===
[2025-05-11 13:45:12] Starting trust score calculation...
[2025-05-11 13:45:12] Found 7 users in the trust network
[2025-05-11 13:45:12] Building trust network graph...
[2025-05-11 13:45:12] Calculating PageRank scores...
[2025-05-11 13:45:12] Applying distrust penalties...
[2025-05-11 13:45:12] Detecting communities...
[2025-05-11 13:45:12] Creating JSON data structure...
[2025-05-11 13:45:12] Successfully generated js/data.js with:
[2025-05-11 13:45:12] - 7 users
[2025-05-11 13:45:12] - 7 trust relationships
[2025-05-11 13:45:12] - 5 communities
[2025-05-11 13:45:12] Trust calculation completed successfully.
[2025-05-11 13:55:13] === Starting Trust Score Calculation ===
[2025-05-11 13:55:13] Starting trust score calculation...
[2025-05-11 13:55:13] Found 7 users in the trust network
[2025-05-11 13:55:13] Building trust network graph...
[2025-05-11 13:55:13] Calculating PageRank scores...
[2025-05-11 13:55:13] Applying distrust penalties...
[2025-05-11 13:55:13] Detecting communities...
[2025-05-11 13:55:13] Creating JSON data structure...
[2025-05-11 13:55:13] Successfully generated js/data.js with:
[2025-05-11 13:55:13] - 7 users
[2025-05-11 13:55:13] - 7 trust relationships
[2025-05-11 13:55:13] - 5 communities
[2025-05-11 13:55:13] Trust calculation completed successfully.
[2025-05-11 14:05:12] === Starting Trust Score Calculation ===
[2025-05-11 14:05:12] Starting trust score calculation...
[2025-05-11 14:05:12] Found 8 users in the trust network
[2025-05-11 14:05:12] Building trust network graph...
[2025-05-11 14:05:12] Calculating PageRank scores...
[2025-05-11 14:05:12] Applying distrust penalties...
[2025-05-11 14:05:12] Detecting communities...
[2025-05-11 14:05:12] Creating JSON data structure...
[2025-05-11 14:05:12] Successfully generated js/data.js with:
[2025-05-11 14:05:12] - 8 users
[2025-05-11 14:05:12] - 8 trust relationships
[2025-05-11 14:05:12] - 6 communities
[2025-05-11 14:05:12] Trust calculation completed successfully.
[2025-05-11 14:15:12] === Starting Trust Score Calculation ===
[2025-05-11 14:15:12] Starting trust score calculation...
[2025-05-11 14:15:12] Found 8 users in the trust network
[2025-05-11 14:15:12] Building trust network graph...
[2025-05-11 14:15:12] Calculating PageRank scores...
[2025-05-11 14:15:12] Applying distrust penalties...
[2025-05-11 14:15:12] Detecting communities...
[2025-05-11 14:15:12] Creating JSON data structure...
[2025-05-11 14:15:12] Successfully generated js/data.js with:
[2025-05-11 14:15:12] - 8 users
[2025-05-11 14:15:12] - 8 trust relationships
[2025-05-11 14:15:12] - 6 communities
[2025-05-11 14:15:12] Trust calculation completed successfully.
[2025-05-11 14:25:12] === Starting Trust Score Calculation ===
[2025-05-11 14:25:12] Starting trust score calculation...
[2025-05-11 14:25:12] Found 8 users in the trust network
[2025-05-11 14:25:12] Building trust network graph...
[2025-05-11 14:25:12] Calculating PageRank scores...
[2025-05-11 14:25:12] Applying distrust penalties...
[2025-05-11 14:25:12] Detecting communities...
[2025-05-11 14:25:12] Creating JSON data structure...
[2025-05-11 14:25:12] Successfully generated js/data.js with:
[2025-05-11 14:25:12] - 8 users
[2025-05-11 14:25:12] - 8 trust relationships
[2025-05-11 14:25:12] - 6 communities
[2025-05-11 14:25:12] Trust calculation completed successfully.
[2025-05-11 14:35:11] === Starting Trust Score Calculation ===
[2025-05-11 14:35:11] Starting trust score calculation...
[2025-05-11 14:35:11] Found 8 users in the trust network
[2025-05-11 14:35:11] Building trust network graph...
[2025-05-11 14:35:11] Calculating PageRank scores...
[2025-05-11 14:35:12] Applying distrust penalties...
[2025-05-11 14:35:12] Detecting communities...
[2025-05-11 14:35:12] Creating JSON data structure...
[2025-05-11 14:35:12] Successfully generated js/data.js with:
[2025-05-11 14:35:12] - 8 users
[2025-05-11 14:35:12] - 8 trust relationships
[2025-05-11 14:35:12] - 6 communities
[2025-05-11 14:35:12] Trust calculation completed successfully.
[2025-05-11 14:45:11] === Starting Trust Score Calculation ===
[2025-05-11 14:45:11] Starting trust score calculation...
[2025-05-11 14:45:11] Found 8 users in the trust network
[2025-05-11 14:45:11] Building trust network graph...
[2025-05-11 14:45:11] Calculating PageRank scores...
[2025-05-11 14:45:12] Applying distrust penalties...
[2025-05-11 14:45:12] Detecting communities...
[2025-05-11 14:45:12] Creating JSON data structure...
[2025-05-11 14:45:12] Successfully generated js/data.js with:
[2025-05-11 14:45:12] - 8 users
[2025-05-11 14:45:12] - 8 trust relationships
[2025-05-11 14:45:12] - 6 communities
[2025-05-11 14:45:12] Trust calculation completed successfully.
[2025-05-11 14:55:11] === Starting Trust Score Calculation ===
[2025-05-11 14:55:11] Starting trust score calculation...
[2025-05-11 14:55:11] Found 8 users in the trust network
[2025-05-11 14:55:11] Building trust network graph...
[2025-05-11 14:55:11] Calculating PageRank scores...
[2025-05-11 14:55:12] Applying distrust penalties...
[2025-05-11 14:55:12] Detecting communities...
[2025-05-11 14:55:12] Creating JSON data structure...
[2025-05-11 14:55:12] Successfully generated js/data.js with:
[2025-05-11 14:55:12] - 8 users
[2025-05-11 14:55:12] - 8 trust relationships
[2025-05-11 14:55:12] - 6 communities
[2025-05-11 14:55:12] Trust calculation completed successfully.
[2025-05-11 15:05:12] === Starting Trust Score Calculation ===
[2025-05-11 15:05:12] Starting trust score calculation...
[2025-05-11 15:05:12] Found 8 users in the trust network
[2025-05-11 15:05:12] Building trust network graph...
[2025-05-11 15:05:12] Calculating PageRank scores...
[2025-05-11 15:05:12] Applying distrust penalties...
[2025-05-11 15:05:12] Detecting communities...
[2025-05-11 15:05:12] Creating JSON data structure...
[2025-05-11 15:05:12] Successfully generated js/data.js with:
[2025-05-11 15:05:12] - 8 users
[2025-05-11 15:05:12] - 8 trust relationships
[2025-05-11 15:05:12] - 6 communities
[2025-05-11 15:05:12] Trust calculation completed successfully.
[2025-05-11 15:15:12] === Starting Trust Score Calculation ===
[2025-05-11 15:15:12] Starting trust score calculation...
[2025-05-11 15:15:12] Found 8 users in the trust network
[2025-05-11 15:15:12] Building trust network graph...
[2025-05-11 15:15:12] Calculating PageRank scores...
[2025-05-11 15:15:12] Applying distrust penalties...
[2025-05-11 15:15:12] Detecting communities...
[2025-05-11 15:15:12] Creating JSON data structure...
[2025-05-11 15:15:12] Successfully generated js/data.js with:
[2025-05-11 15:15:12] - 8 users
[2025-05-11 15:15:12] - 8 trust relationships
[2025-05-11 15:15:12] - 6 communities
[2025-05-11 15:15:12] Trust calculation completed successfully.
[2025-05-11 15:25:12] === Starting Trust Score Calculation ===
[2025-05-11 15:25:12] Starting trust score calculation...
[2025-05-11 15:25:12] Found 8 users in the trust network
[2025-05-11 15:25:12] Building trust network graph...
[2025-05-11 15:25:12] Calculating PageRank scores...
[2025-05-11 15:25:12] Applying distrust penalties...
[2025-05-11 15:25:12] Detecting communities...
[2025-05-11 15:25:12] Creating JSON data structure...
[2025-05-11 15:25:12] Successfully generated js/data.js with:
[2025-05-11 15:25:12] - 8 users
[2025-05-11 15:25:12] - 8 trust relationships
[2025-05-11 15:25:12] - 6 communities
[2025-05-11 15:25:12] Trust calculation completed successfully.
[2025-05-11 15:35:12] === Starting Trust Score Calculation ===
[2025-05-11 15:35:12] Starting trust score calculation...
[2025-05-11 15:35:12] Found 8 users in the trust network
[2025-05-11 15:35:12] Building trust network graph...
[2025-05-11 15:35:12] Calculating PageRank scores...
[2025-05-11 15:35:12] Applying distrust penalties...
[2025-05-11 15:35:12] Detecting communities...
[2025-05-11 15:35:12] Creating JSON data structure...
[2025-05-11 15:35:12] Successfully generated js/data.js with:
[2025-05-11 15:35:12] - 8 users
[2025-05-11 15:35:12] - 8 trust relationships
[2025-05-11 15:35:12] - 6 communities
[2025-05-11 15:35:12] Trust calculation completed successfully.
[2025-05-11 15:45:12] === Starting Trust Score Calculation ===
[2025-05-11 15:45:12] Starting trust score calculation...
[2025-05-11 15:45:12] Found 8 users in the trust network
[2025-05-11 15:45:12] Building trust network graph...
[2025-05-11 15:45:12] Calculating PageRank scores...
[2025-05-11 15:45:12] Applying distrust penalties...
[2025-05-11 15:45:12] Detecting communities...
[2025-05-11 15:45:12] Creating JSON data structure...
[2025-05-11 15:45:12] Successfully generated js/data.js with:
[2025-05-11 15:45:12] - 8 users
[2025-05-11 15:45:12] - 8 trust relationships
[2025-05-11 15:45:12] - 6 communities
[2025-05-11 15:45:12] Trust calculation completed successfully.
[2025-05-11 15:55:12] === Starting Trust Score Calculation ===
[2025-05-11 15:55:12] Starting trust score calculation...
[2025-05-11 15:55:12] Found 8 users in the trust network
[2025-05-11 15:55:12] Building trust network graph...
[2025-05-11 15:55:12] Calculating PageRank scores...
[2025-05-11 15:55:12] Applying distrust penalties...
[2025-05-11 15:55:12] Detecting communities...
[2025-05-11 15:55:12] Creating JSON data structure...
[2025-05-11 15:55:12] Successfully generated js/data.js with:
[2025-05-11 15:55:12] - 8 users
[2025-05-11 15:55:12] - 8 trust relationships
[2025-05-11 15:55:12] - 6 communities
[2025-05-11 15:55:12] Trust calculation completed successfully.
[2025-05-11 16:05:12] === Starting Trust Score Calculation ===
[2025-05-11 16:05:12] Starting trust score calculation...
[2025-05-11 16:05:12] Found 8 users in the trust network
[2025-05-11 16:05:12] Building trust network graph...
[2025-05-11 16:05:12] Calculating PageRank scores...
[2025-05-11 16:05:12] Applying distrust penalties...
[2025-05-11 16:05:12] Detecting communities...
[2025-05-11 16:05:12] Creating JSON data structure...
[2025-05-11 16:05:12] Successfully generated js/data.js with:
[2025-05-11 16:05:12] - 8 users
[2025-05-11 16:05:12] - 8 trust relationships
[2025-05-11 16:05:12] - 6 communities
[2025-05-11 16:05:12] Trust calculation completed successfully.
[2025-05-11 16:15:12] === Starting Trust Score Calculation ===
[2025-05-11 16:15:12] Starting trust score calculation...
[2025-05-11 16:15:12] Found 8 users in the trust network
[2025-05-11 16:15:12] Building trust network graph...
[2025-05-11 16:15:12] Calculating PageRank scores...
[2025-05-11 16:15:12] Applying distrust penalties...
[2025-05-11 16:15:12] Detecting communities...
[2025-05-11 16:15:12] Creating JSON data structure...
[2025-05-11 16:15:12] Successfully generated js/data.js with:
[2025-05-11 16:15:12] - 8 users
[2025-05-11 16:15:12] - 8 trust relationships
[2025-05-11 16:15:12] - 6 communities
[2025-05-11 16:15:12] Trust calculation completed successfully.
[2025-05-11 16:25:12] === Starting Trust Score Calculation ===
[2025-05-11 16:25:12] Starting trust score calculation...
[2025-05-11 16:25:12] Found 8 users in the trust network
[2025-05-11 16:25:12] Building trust network graph...
[2025-05-11 16:25:12] Calculating PageRank scores...
[2025-05-11 16:25:12] Applying distrust penalties...
[2025-05-11 16:25:12] Detecting communities...
[2025-05-11 16:25:12] Creating JSON data structure...
[2025-05-11 16:25:12] Successfully generated js/data.js with:
[2025-05-11 16:25:12] - 8 users
[2025-05-11 16:25:12] - 8 trust relationships
[2025-05-11 16:25:12] - 6 communities
[2025-05-11 16:25:12] Trust calculation completed successfully.
[2025-05-11 16:35:12] === Starting Trust Score Calculation ===
[2025-05-11 16:35:12] Starting trust score calculation...
[2025-05-11 16:35:12] Found 8 users in the trust network
[2025-05-11 16:35:12] Building trust network graph...
[2025-05-11 16:35:12] Calculating PageRank scores...
[2025-05-11 16:35:12] Applying distrust penalties...
[2025-05-11 16:35:12] Detecting communities...
[2025-05-11 16:35:12] Creating JSON data structure...
[2025-05-11 16:35:12] Successfully generated js/data.js with:
[2025-05-11 16:35:12] - 8 users
[2025-05-11 16:35:12] - 8 trust relationships
[2025-05-11 16:35:12] - 6 communities
[2025-05-11 16:35:12] Trust calculation completed successfully.
[2025-05-11 16:45:12] === Starting Trust Score Calculation ===
[2025-05-11 16:45:12] Starting trust score calculation...
[2025-05-11 16:45:12] Found 8 users in the trust network
[2025-05-11 16:45:12] Building trust network graph...
[2025-05-11 16:45:12] Calculating PageRank scores...
[2025-05-11 16:45:12] Applying distrust penalties...
[2025-05-11 16:45:12] Detecting communities...
[2025-05-11 16:45:12] Creating JSON data structure...
[2025-05-11 16:45:12] Successfully generated js/data.js with:
[2025-05-11 16:45:12] - 8 users
[2025-05-11 16:45:12] - 8 trust relationships
[2025-05-11 16:45:12] - 6 communities
[2025-05-11 16:45:12] Trust calculation completed successfully.
[2025-05-11 16:55:13] === Starting Trust Score Calculation ===
[2025-05-11 16:55:13] Starting trust score calculation...
[2025-05-11 16:55:13] Found 8 users in the trust network
[2025-05-11 16:55:13] Building trust network graph...
[2025-05-11 16:55:13] Calculating PageRank scores...
[2025-05-11 16:55:13] Applying distrust penalties...
[2025-05-11 16:55:13] Detecting communities...
[2025-05-11 16:55:13] Creating JSON data structure...
[2025-05-11 16:55:13] Successfully generated js/data.js with:
[2025-05-11 16:55:13] - 8 users
[2025-05-11 16:55:13] - 8 trust relationships
[2025-05-11 16:55:13] - 6 communities
[2025-05-11 16:55:13] Trust calculation completed successfully.
[2025-05-11 17:05:12] === Starting Trust Score Calculation ===
[2025-05-11 17:05:12] Starting trust score calculation...
[2025-05-11 17:05:12] Found 8 users in the trust network
[2025-05-11 17:05:12] Building trust network graph...
[2025-05-11 17:05:12] Calculating PageRank scores...
[2025-05-11 17:05:12] Applying distrust penalties...
[2025-05-11 17:05:12] Detecting communities...
[2025-05-11 17:05:12] Creating JSON data structure...
[2025-05-11 17:05:12] Successfully generated js/data.js with:
[2025-05-11 17:05:12] - 8 users
[2025-05-11 17:05:12] - 8 trust relationships
[2025-05-11 17:05:12] - 6 communities
[2025-05-11 17:05:12] Trust calculation completed successfully.
[2025-05-11 17:15:12] === Starting Trust Score Calculation ===
[2025-05-11 17:15:12] Starting trust score calculation...
[2025-05-11 17:15:12] Found 8 users in the trust network
[2025-05-11 17:15:12] Building trust network graph...
[2025-05-11 17:15:12] Calculating PageRank scores...
[2025-05-11 17:15:12] Applying distrust penalties...
[2025-05-11 17:15:12] Detecting communities...
[2025-05-11 17:15:12] Creating JSON data structure...
[2025-05-11 17:15:12] Successfully generated js/data.js with:
[2025-05-11 17:15:12] - 8 users
[2025-05-11 17:15:12] - 8 trust relationships
[2025-05-11 17:15:12] - 6 communities
[2025-05-11 17:15:12] Trust calculation completed successfully.
