[2025-05-10 15:14:30] === Starting Twitter Trust System Collection ===
[2025-05-10 15:14:30] Retrieving page 1...
[2025-05-10 15:14:32] Newest tweet is from: 2025-05-10 21:39:57+00:00
[2025-05-10 15:14:32] Retrieved 4 new tweets on page 1
[2025-05-10 15:14:34] Retrieving page 2...
[2025-05-10 15:14:35] No tweets found on this page
[2025-05-10 15:14:35] Updated last tweet timestamp to: Sat May 10 21:39:57 +0000 2025
[2025-05-10 15:14:35] Retrieved a total of 4 tweets across 2 pages
[2025-05-10 15:14:35] Processing 4 tweets for trust commands
[2025-05-10 15:14:35] Checking tweet 1921319321759801371 from @Brian_J_Mills
[2025-05-10 15:14:35] Processed: @Brian_J_Mills trusts @_TylerMills_ with 70 points
[2025-05-10 15:14:35] Checking tweet 1772656625842626683 from @ImranH_SEO
[2025-05-10 15:14:35] No trust commands found in tweet 1772656625842626683
[2025-05-10 15:14:35] Checking tweet 1738473370239525187 from @TPenpoem45167
[2025-05-10 15:14:35] No trust commands found in tweet 1738473370239525187
[2025-05-10 15:14:35] Checking tweet 1656618874639462402 from @nemutluyazilim
[2025-05-10 15:14:35] No trust commands found in tweet 1656618874639462402
[2025-05-10 15:14:35] Successfully saved 1 trust assignments (0 new/changed)
[2025-05-10 15:14:35] Collection complete!
[2025-05-10 15:14:35] - 1 trust assignments processed
[2025-05-10 15:14:35] - 1 users in trust network
[2025-05-10 15:14:35] - 1 total trust relationships
