[2025-05-11 17:15:06] Starting Twitter Trust System update process...
[2025-05-11 17:15:06] Update frequency set to: 10 minutes
[2025-05-11 17:15:06] Collecting trust assignments from Twitter...
[2025-05-11 17:15:10] Warning: Trust assignments file not updated recently (last modified 05/11/2025 14:05:10)
[2025-05-10 15:14:30] === Starting Twitter Trust System Collection ===
[2025-05-10 15:14:30] Retrieving page 1...
[2025-05-10 15:14:32] Newest tweet is from: 2025-05-10 21:39:57+00:00
[2025-05-10 15:14:32] Retrieved 4 new tweets on page 1
[2025-05-10 15:14:34] Retrieving page 2...
[2025-05-10 15:14:35] No tweets found on this page
[2025-05-10 15:14:35] Updated last tweet timestamp to: Sat May 10 21:39:57 +0000 2025
[2025-05-10 15:14:35] Retrieved a total of 4 tweets across 2 pages
[2025-05-10 15:14:35] Processing 4 tweets for trust commands
[2025-05-10 15:14:35] Checking tweet 1921319321759801371 from @Brian_J_Mills
[2025-05-10 15:14:35] Processed: @Brian_J_Mills trusts @_TylerMills_ with 70 points
[2025-05-10 15:14:35] Checking tweet 1772656625842626683 from @ImranH_SEO
[2025-05-10 15:14:35] No trust commands found in tweet 1772656625842626683
[2025-05-10 15:14:35] Checking tweet 1738473370239525187 from @TPenpoem45167
[2025-05-10 15:14:35] No trust commands found in tweet 1738473370239525187
[2025-05-10 15:14:35] Checking tweet 1656618874639462402 from @nemutluyazilim
[2025-05-10 15:14:35] No trust commands found in tweet 1656618874639462402
[2025-05-10 15:14:35] Successfully saved 1 trust assignments (0 new/changed)
[2025-05-10 15:14:35] Collection complete!
[2025-05-10 15:14:35] - 1 trust assignments processed
[2025-05-10 15:14:35] - 1 users in trust network
[2025-05-10 15:14:35] - 1 total trust relationships
[2025-05-10 15:42:44] === Starting Twitter Trust System Collection ===
[2025-05-10 15:42:44] Will collect tweets until reaching previous timestamp: 2025-05-10 21:39:57+00:00
[2025-05-10 15:42:44] Retrieving page 1...
[2025-05-10 15:42:46] Newest tweet is from: 2025-05-10 22:41:03+00:00
[2025-05-10 15:42:46] Reached previous collection point at tweet from 2025-05-10 21:39:57+00:00
[2025-05-10 15:42:46] Retrieved 1 new tweets on page 1
[2025-05-10 15:42:46] Stopping pagination as we've reached previous collection point
[2025-05-10 15:42:46] Updated last tweet timestamp to: Sat May 10 22:41:03 +0000 2025
[2025-05-10 15:42:46] Retrieved a total of 1 tweets across 1 pages
[2025-05-10 15:42:46] Processing 1 tweets for trust commands
[2025-05-10 15:42:46] Checking tweet 1921334696702616008 from @Brian_J_Mills
[2025-05-10 15:42:46] Processed: @Brian_J_Mills trusts @DefenderOfBasic with 50 points
[2025-05-10 15:42:46] Successfully saved 1 trust assignments (1 new/changed)
[2025-05-10 15:42:46] Collection complete!
[2025-05-10 15:42:46] - 1 trust assignments processed
[2025-05-10 15:42:46] - 1 users in trust network
[2025-05-10 15:42:46] - 2 total trust relationships
[2025-05-10 15:44:02] === Starting Twitter Trust System Collection ===
[2025-05-10 15:44:02] Will collect tweets until reaching previous timestamp: 2025-05-10 22:41:03+00:00
[2025-05-10 15:44:02] Retrieving page 1...
[2025-05-10 15:44:04] Newest tweet is from: 2025-05-10 22:41:03+00:00
[2025-05-10 15:44:04] Reached previous collection point at tweet from 2025-05-10 22:41:03+00:00
[2025-05-10 15:44:04] Retrieved 0 new tweets on page 1
[2025-05-10 15:44:04] Stopping pagination as we've reached previous collection point
[2025-05-10 15:44:04] Retrieved a total of 0 tweets across 1 pages
[2025-05-10 15:44:04] No new tweets found with trust commands
[2025-05-10 15:44:04] Collection complete!
[2025-05-10 15:44:04] - 0 trust assignments processed
[2025-05-10 15:44:04] - 1 users in trust network
[2025-05-10 15:44:04] - 2 total trust relationships
[2025-05-10 15:45:39] === Starting Twitter Trust System Collection ===
[2025-05-10 15:45:39] Will collect tweets until reaching previous timestamp: 2025-05-10 22:41:03+00:00
[2025-05-10 15:45:39] Retrieving page 1...
[2025-05-10 15:45:41] Newest tweet is from: 2025-05-10 22:41:03+00:00
[2025-05-10 15:45:41] Reached previous collection point at tweet from 2025-05-10 22:41:03+00:00
[2025-05-10 15:45:41] Retrieved 0 new tweets on page 1
[2025-05-10 15:45:41] Stopping pagination as we've reached previous collection point
[2025-05-10 15:45:41] Retrieved a total of 0 tweets across 1 pages
[2025-05-10 15:45:41] No new tweets found with trust commands
[2025-05-10 15:45:41] Collection complete!
[2025-05-10 15:45:41] - 0 trust assignments processed
[2025-05-10 15:45:41] - 1 users in trust network
[2025-05-10 15:45:41] - 2 total trust relationships
[2025-05-11 06:39:07] === Starting Twitter Trust System Collection ===
[2025-05-11 06:39:07] Will collect tweets until reaching previous timestamp: 2025-05-10 22:41:03+00:00
[2025-05-11 06:39:07] Retrieving page 1...
[2025-05-11 06:39:09] Newest tweet is from: 2025-05-11 05:42:19+00:00
[2025-05-11 06:39:09] Reached previous collection point at tweet from 2025-05-10 22:41:03+00:00
[2025-05-11 06:39:09] Retrieved 2 new tweets on page 1
[2025-05-11 06:39:09] Stopping pagination as we've reached previous collection point
[2025-05-11 06:39:09] Updated last tweet timestamp to: Sun May 11 05:42:19 +0000 2025
[2025-05-11 06:39:09] Retrieved a total of 2 tweets across 1 pages
[2025-05-11 06:39:09] Processing 2 tweets for trust commands
[2025-05-11 06:39:09] Checking tweet 1921440714640019861 from @_TylerMills_
[2025-05-11 06:39:09] Processed: @_TylerMills_ trusts @Brian_J_Mills with -10 points
[2025-05-11 06:39:09] Checking tweet 1921440356647772526 from @_TylerMills_
[2025-05-11 06:39:09] Processed: @_TylerMills_ trusts @Brian_J_Mills with 54 points
[2025-05-11 06:39:09] Successfully saved 2 trust assignments (2 new/changed)
[2025-05-11 06:39:09] Collection complete!
[2025-05-11 06:39:09] - 2 trust assignments processed
[2025-05-11 06:39:09] - 2 users in trust network
[2025-05-11 06:39:09] - 3 total trust relationships
[2025-05-11 07:04:24] === Starting Twitter Trust System Collection ===
[2025-05-11 07:04:24] Will collect tweets until reaching previous timestamp: 2025-05-11 05:42:19+00:00
[2025-05-11 07:04:24] Retrieving page 1...
[2025-05-11 07:04:26] Newest tweet is from: 2025-05-11 05:42:19+00:00
[2025-05-11 07:04:26] Reached previous collection point at tweet from 2025-05-11 05:42:19+00:00
[2025-05-11 07:04:26] Retrieved 0 new tweets on page 1
[2025-05-11 07:04:26] Stopping pagination as we've reached previous collection point
[2025-05-11 07:04:26] Retrieved a total of 0 tweets across 1 pages
[2025-05-11 07:04:26] No new tweets found with trust commands
[2025-05-11 07:04:26] Collection complete!
[2025-05-11 07:04:26] - 0 trust assignments processed
[2025-05-11 07:04:26] - 2 users in trust network
[2025-05-11 07:04:26] - 3 total trust relationships
[2025-05-11 09:41:19] === Starting Twitter Trust System Collection ===
[2025-05-11 09:41:19] Will collect tweets until reaching previous timestamp: 2025-05-11 05:42:19+00:00
[2025-05-11 09:41:19] Retrieving page 1...
[2025-05-11 09:41:24] Newest tweet is from: 2025-05-11 15:57:09+00:00
[2025-05-11 09:41:24] Reached stop point at tweet from 2025-05-11 05:42:19+00:00
[2025-05-11 09:41:24] Retrieved 2 new tweets on page 1
[2025-05-11 09:41:24] Stopping pagination as we've reached the stop point
[2025-05-11 09:41:24] Updated last tweet timestamp to: Sun May 11 15:57:09 +0000 2025
[2025-05-11 09:41:24] Retrieved a total of 2 tweets across 1 pages
[2025-05-11 09:41:24] Processing 2 tweets for trust commands
[2025-05-11 09:41:24] Checking tweet 1921595443542114439 from @Brian_J_Mills
[2025-05-11 09:41:24] Processed: @Brian_J_Mills trusts @RepSantosNY03 with -100 points
[2025-05-11 09:41:24] Checking tweet 1921592503687676378 from @Brian_J_Mills
[2025-05-11 09:41:24] Processed: @Brian_J_Mills trusts @_TylerMills_ with 100 points
[2025-05-11 09:41:24] Successfully saved 2 trust assignments (2 new/changed)
[2025-05-11 09:41:24] Collection complete!
[2025-05-11 09:41:24] - 2 trust assignments processed
[2025-05-11 09:41:24] - 2 users in trust network
[2025-05-11 09:41:24] - 4 total trust relationships
[2025-05-11 09:43:35] === Starting Twitter Trust System Collection ===
[2025-05-11 09:43:35] Will collect tweets until reaching previous timestamp: 2025-05-11 15:57:09+00:00
[2025-05-11 09:43:35] Retrieving page 1...
[2025-05-11 09:43:36] Newest tweet is from: 2025-05-11 15:57:09+00:00
[2025-05-11 09:43:36] Reached stop point at tweet from 2025-05-11 15:57:09+00:00
[2025-05-11 09:43:36] Retrieved 0 new tweets on page 1
[2025-05-11 09:43:36] Stopping pagination as we've reached the stop point
[2025-05-11 09:43:36] Retrieved a total of 0 tweets across 1 pages
[2025-05-11 09:43:36] No new tweets found with trust commands
[2025-05-11 09:43:36] Collection complete!
[2025-05-11 09:43:36] - 0 trust assignments processed
[2025-05-11 09:43:36] - 2 users in trust network
[2025-05-11 09:43:36] - 4 total trust relationships
[2025-05-11 10:29:44] === Starting Twitter Trust System Collection ===
[2025-05-11 10:29:44] Will collect tweets until reaching previous timestamp: 2025-05-11 15:57:09+00:00
[2025-05-11 10:29:44] Retrieving page 1...
[2025-05-11 10:29:46] Newest tweet is from: 2025-05-11 16:45:26+00:00
[2025-05-11 10:29:46] Reached stop point at tweet from 2025-05-11 15:57:09+00:00
[2025-05-11 10:29:46] Retrieved 1 new tweets on page 1
[2025-05-11 10:29:46] Stopping pagination as we've reached the stop point
[2025-05-11 10:29:46] Updated last tweet timestamp to: Sun May 11 16:45:26 +0000 2025
[2025-05-11 10:29:46] Retrieved a total of 1 tweets across 1 pages
[2025-05-11 10:29:46] Processing 1 tweets for trust commands
[2025-05-11 10:29:46] Checking tweet 1921607592037486921 from @Brian_J_Mills
[2025-05-11 10:29:46] Processed: @Brian_J_Mills trusts @Bitboy_Crypto with -90 points
[2025-05-11 10:29:46] Successfully saved 1 trust assignments (1 new/changed)
[2025-05-11 10:29:46] Collection complete!
[2025-05-11 10:29:46] - 1 trust assignments processed
[2025-05-11 10:29:46] - 2 users in trust network
[2025-05-11 10:29:46] - 5 total trust relationships
[2025-05-11 11:25:46] === Starting Twitter Trust System Collection ===
[2025-05-11 11:25:46] Will collect tweets until reaching previous timestamp: 2025-05-11 16:45:26+00:00
[2025-05-11 11:25:46] Retrieving page 1...
[2025-05-11 11:25:48] Newest tweet is from: 2025-05-11 17:33:55+00:00
[2025-05-11 11:25:48] Reached stop point at tweet from 2025-05-11 16:45:26+00:00
[2025-05-11 11:25:48] Retrieved 1 new tweets on page 1
[2025-05-11 11:25:48] Stopping pagination as we've reached the stop point
[2025-05-11 11:25:48] Updated last tweet timestamp to: Sun May 11 17:33:55 +0000 2025
[2025-05-11 11:25:48] Retrieved a total of 1 tweets across 1 pages
[2025-05-11 11:25:48] Processing 1 tweets for trust commands
[2025-05-11 11:25:48] Checking tweet 1921619795796967846 from @Brian_J_Mills
[2025-05-11 11:25:48] Processed: @Brian_J_Mills trusts @Bitboy_Crypto with -95 points
[2025-05-11 11:25:48] Successfully saved 1 trust assignments (1 new/changed)
[2025-05-11 11:25:48] Collection complete!
[2025-05-11 11:25:48] - 1 trust assignments processed
[2025-05-11 11:25:48] - 2 users in trust network
[2025-05-11 11:25:48] - 5 total trust relationships
[2025-05-11 11:29:28] === Starting Twitter Trust System Collection ===
[2025-05-11 11:29:28] Will collect tweets until reaching previous timestamp: 2025-05-11 17:33:55+00:00
[2025-05-11 11:29:28] Retrieving page 1...
[2025-05-11 11:29:30] Newest tweet is from: 2025-05-11 17:33:55+00:00
[2025-05-11 11:29:30] Reached stop point at tweet from 2025-05-11 17:33:55+00:00
[2025-05-11 11:29:30] Retrieved 0 new tweets on page 1
[2025-05-11 11:29:30] Stopping pagination as we've reached the stop point
[2025-05-11 11:29:30] Retrieved a total of 0 tweets across 1 pages
[2025-05-11 11:29:30] No new tweets found with trust commands
[2025-05-11 11:29:30] Collection complete!
[2025-05-11 11:29:30] - 0 trust assignments processed
[2025-05-11 11:29:30] - 2 users in trust network
[2025-05-11 11:29:30] - 5 total trust relationships
[2025-05-11 13:15:08] === Starting Twitter Trust System Collection ===
[2025-05-11 13:15:08] Will collect tweets until reaching previous timestamp: 2025-05-11 17:33:55+00:00
[2025-05-11 13:15:08] Retrieving page 1...
[2025-05-11 13:15:11] Newest tweet is from: 2025-05-11 18:29:41+00:00
[2025-05-11 13:15:11] Reached stop point at tweet from 2025-05-11 17:33:55+00:00
[2025-05-11 13:15:11] Retrieved 1 new tweets on page 1
[2025-05-11 13:15:11] Stopping pagination as we've reached the stop point
[2025-05-11 13:15:11] Updated last tweet timestamp to: Sun May 11 18:29:41 +0000 2025
[2025-05-11 13:15:11] Retrieved a total of 1 tweets across 1 pages
[2025-05-11 13:15:11] Processing 1 tweets for trust commands
[2025-05-11 13:15:11] Checking tweet 1921633828658979188 from @Brian_J_Mills
[2025-05-11 13:15:11] Processed: @Brian_J_Mills trusts @Cobratate with -85 points
[2025-05-11 13:15:11] Successfully saved 1 trust assignments (1 new/changed)
[2025-05-11 13:15:11] Collection complete!
[2025-05-11 13:15:11] - 1 trust assignments processed
[2025-05-11 13:15:11] - 2 users in trust network
[2025-05-11 13:15:11] - 6 total trust relationships
[2025-05-11 13:25:08] === Starting Twitter Trust System Collection ===
[2025-05-11 13:25:08] Will collect tweets until reaching previous timestamp: 2025-05-11 18:29:41+00:00
[2025-05-11 13:25:08] Retrieving page 1...
[2025-05-11 13:25:10] Newest tweet is from: 2025-05-11 20:20:07+00:00
[2025-05-11 13:25:10] Reached stop point at tweet from 2025-05-11 18:29:41+00:00
[2025-05-11 13:25:10] Retrieved 1 new tweets on page 1
[2025-05-11 13:25:10] Stopping pagination as we've reached the stop point
[2025-05-11 13:25:10] Updated last tweet timestamp to: Sun May 11 20:20:07 +0000 2025
[2025-05-11 13:25:10] Retrieved a total of 1 tweets across 1 pages
[2025-05-11 13:25:10] Processing 1 tweets for trust commands
[2025-05-11 13:25:10] Checking tweet 1921661617948782935 from @Brian_J_Mills
[2025-05-11 13:25:10] Processed: @Brian_J_Mills trusts @Kylie_pol69 with -50 points
[2025-05-11 13:25:10] Successfully saved 1 trust assignments (1 new/changed)
[2025-05-11 13:25:10] Collection complete!
[2025-05-11 13:25:10] - 1 trust assignments processed
[2025-05-11 13:25:10] - 2 users in trust network
[2025-05-11 13:25:10] - 7 total trust relationships
[2025-05-11 13:35:08] === Starting Twitter Trust System Collection ===
[2025-05-11 13:35:08] Will collect tweets until reaching previous timestamp: 2025-05-11 20:20:07+00:00
[2025-05-11 13:35:08] Retrieving page 1...
[2025-05-11 13:35:10] Newest tweet is from: 2025-05-11 20:20:07+00:00
[2025-05-11 13:35:10] Reached stop point at tweet from 2025-05-11 20:20:07+00:00
[2025-05-11 13:35:10] Retrieved 0 new tweets on page 1
[2025-05-11 13:35:10] Stopping pagination as we've reached the stop point
[2025-05-11 13:35:10] Retrieved a total of 0 tweets across 1 pages
[2025-05-11 13:35:10] No new tweets found with trust commands
[2025-05-11 13:35:10] Collection complete!
[2025-05-11 13:35:10] - 0 trust assignments processed
[2025-05-11 13:35:10] - 2 users in trust network
[2025-05-11 13:35:10] - 7 total trust relationships
[2025-05-11 13:45:08] === Starting Twitter Trust System Collection ===
[2025-05-11 13:45:08] Will collect tweets until reaching previous timestamp: 2025-05-11 20:20:07+00:00
[2025-05-11 13:45:08] Retrieving page 1...
[2025-05-11 13:45:10] Newest tweet is from: 2025-05-11 20:20:07+00:00
[2025-05-11 13:45:10] Reached stop point at tweet from 2025-05-11 20:20:07+00:00
[2025-05-11 13:45:10] Retrieved 0 new tweets on page 1
[2025-05-11 13:45:10] Stopping pagination as we've reached the stop point
[2025-05-11 13:45:10] Retrieved a total of 0 tweets across 1 pages
[2025-05-11 13:45:10] No new tweets found with trust commands
[2025-05-11 13:45:10] Collection complete!
[2025-05-11 13:45:10] - 0 trust assignments processed
[2025-05-11 13:45:10] - 2 users in trust network
[2025-05-11 13:45:10] - 7 total trust relationships
[2025-05-11 13:55:08] === Starting Twitter Trust System Collection ===
[2025-05-11 13:55:08] Will collect tweets until reaching previous timestamp: 2025-05-11 20:20:07+00:00
[2025-05-11 13:55:08] Retrieving page 1...
[2025-05-11 13:55:11] Newest tweet is from: 2025-05-11 20:20:07+00:00
[2025-05-11 13:55:11] Reached stop point at tweet from 2025-05-11 20:20:07+00:00
[2025-05-11 13:55:11] Retrieved 0 new tweets on page 1
[2025-05-11 13:55:11] Stopping pagination as we've reached the stop point
[2025-05-11 13:55:11] Retrieved a total of 0 tweets across 1 pages
[2025-05-11 13:55:11] No new tweets found with trust commands
[2025-05-11 13:55:11] Collection complete!
[2025-05-11 13:55:11] - 0 trust assignments processed
[2025-05-11 13:55:11] - 2 users in trust network
[2025-05-11 13:55:11] - 7 total trust relationships
[2025-05-11 14:05:08] === Starting Twitter Trust System Collection ===
[2025-05-11 14:05:08] Will collect tweets until reaching previous timestamp: 2025-05-11 20:20:07+00:00
[2025-05-11 14:05:08] Retrieving page 1...
[2025-05-11 14:05:10] Newest tweet is from: 2025-05-11 21:01:13+00:00
[2025-05-11 14:05:10] Reached stop point at tweet from 2025-05-11 20:20:07+00:00
[2025-05-11 14:05:10] Retrieved 2 new tweets on page 1
[2025-05-11 14:05:10] Stopping pagination as we've reached the stop point
[2025-05-11 14:05:10] Updated last tweet timestamp to: Sun May 11 21:01:13 +0000 2025
[2025-05-11 14:05:10] Retrieved a total of 2 tweets across 1 pages
[2025-05-11 14:05:10] Processing 2 tweets for trust commands
[2025-05-11 14:05:10] Checking tweet 1921671962696257603 from @_TylerMills_
[2025-05-11 14:05:10] Processed: @_TylerMills_ trusts @GusReichel33763 with -90 points
[2025-05-11 14:05:10] Checking tweet 1921670714194538924 from @_TylerMills_
[2025-05-11 14:05:10] Processed: @_TylerMills_ trusts @Brian_J_Mills with -50 points
[2025-05-11 14:05:10] Successfully saved 2 trust assignments (2 new/changed)
[2025-05-11 14:05:10] Collection complete!
[2025-05-11 14:05:10] - 2 trust assignments processed
[2025-05-11 14:05:10] - 2 users in trust network
[2025-05-11 14:05:10] - 8 total trust relationships
[2025-05-11 14:15:08] === Starting Twitter Trust System Collection ===
[2025-05-11 14:15:08] Will collect tweets until reaching previous timestamp: 2025-05-11 21:01:13+00:00
[2025-05-11 14:15:08] Retrieving page 1...
[2025-05-11 14:15:10] Newest tweet is from: 2025-05-11 21:01:13+00:00
[2025-05-11 14:15:10] Reached stop point at tweet from 2025-05-11 21:01:13+00:00
[2025-05-11 14:15:10] Retrieved 0 new tweets on page 1
[2025-05-11 14:15:10] Stopping pagination as we've reached the stop point
[2025-05-11 14:15:10] Retrieved a total of 0 tweets across 1 pages
[2025-05-11 14:15:10] No new tweets found with trust commands
[2025-05-11 14:15:10] Collection complete!
[2025-05-11 14:15:10] - 0 trust assignments processed
[2025-05-11 14:15:10] - 2 users in trust network
[2025-05-11 14:15:10] - 8 total trust relationships
[2025-05-11 14:25:08] === Starting Twitter Trust System Collection ===
[2025-05-11 14:25:08] Will collect tweets until reaching previous timestamp: 2025-05-11 21:01:13+00:00
[2025-05-11 14:25:08] Retrieving page 1...
[2025-05-11 14:25:10] Newest tweet is from: 2025-05-11 21:01:13+00:00
[2025-05-11 14:25:10] Reached stop point at tweet from 2025-05-11 21:01:13+00:00
[2025-05-11 14:25:10] Retrieved 0 new tweets on page 1
[2025-05-11 14:25:10] Stopping pagination as we've reached the stop point
[2025-05-11 14:25:10] Retrieved a total of 0 tweets across 1 pages
[2025-05-11 14:25:10] No new tweets found with trust commands
[2025-05-11 14:25:10] Collection complete!
[2025-05-11 14:25:10] - 0 trust assignments processed
[2025-05-11 14:25:10] - 2 users in trust network
[2025-05-11 14:25:10] - 8 total trust relationships
[2025-05-11 14:35:08] === Starting Twitter Trust System Collection ===
[2025-05-11 14:35:08] Will collect tweets until reaching previous timestamp: 2025-05-11 21:01:13+00:00
[2025-05-11 14:35:08] Retrieving page 1...
[2025-05-11 14:35:09] Newest tweet is from: 2025-05-11 21:01:13+00:00
[2025-05-11 14:35:09] Reached stop point at tweet from 2025-05-11 21:01:13+00:00
[2025-05-11 14:35:09] Retrieved 0 new tweets on page 1
[2025-05-11 14:35:09] Stopping pagination as we've reached the stop point
[2025-05-11 14:35:09] Retrieved a total of 0 tweets across 1 pages
[2025-05-11 14:35:09] No new tweets found with trust commands
[2025-05-11 14:35:09] Collection complete!
[2025-05-11 14:35:09] - 0 trust assignments processed
[2025-05-11 14:35:09] - 2 users in trust network
[2025-05-11 14:35:09] - 8 total trust relationships
[2025-05-11 14:45:08] === Starting Twitter Trust System Collection ===
[2025-05-11 14:45:08] Will collect tweets until reaching previous timestamp: 2025-05-11 21:01:13+00:00
[2025-05-11 14:45:08] Retrieving page 1...
[2025-05-11 14:45:09] Newest tweet is from: 2025-05-11 21:01:13+00:00
[2025-05-11 14:45:09] Reached stop point at tweet from 2025-05-11 21:01:13+00:00
[2025-05-11 14:45:09] Retrieved 0 new tweets on page 1
[2025-05-11 14:45:09] Stopping pagination as we've reached the stop point
[2025-05-11 14:45:09] Retrieved a total of 0 tweets across 1 pages
[2025-05-11 14:45:09] No new tweets found with trust commands
[2025-05-11 14:45:09] Collection complete!
[2025-05-11 14:45:09] - 0 trust assignments processed
[2025-05-11 14:45:09] - 2 users in trust network
[2025-05-11 14:45:09] - 8 total trust relationships
[2025-05-11 14:55:08] === Starting Twitter Trust System Collection ===
[2025-05-11 14:55:08] Will collect tweets until reaching previous timestamp: 2025-05-11 21:01:13+00:00
[2025-05-11 14:55:08] Retrieving page 1...
[2025-05-11 14:55:09] Newest tweet is from: 2025-05-11 21:01:13+00:00
[2025-05-11 14:55:09] Reached stop point at tweet from 2025-05-11 21:01:13+00:00
[2025-05-11 14:55:09] Retrieved 0 new tweets on page 1
[2025-05-11 14:55:09] Stopping pagination as we've reached the stop point
[2025-05-11 14:55:09] Retrieved a total of 0 tweets across 1 pages
[2025-05-11 14:55:09] No new tweets found with trust commands
[2025-05-11 14:55:09] Collection complete!
[2025-05-11 14:55:09] - 0 trust assignments processed
[2025-05-11 14:55:09] - 2 users in trust network
[2025-05-11 14:55:09] - 8 total trust relationships
[2025-05-11 15:05:08] === Starting Twitter Trust System Collection ===
[2025-05-11 15:05:08] Will collect tweets until reaching previous timestamp: 2025-05-11 21:01:13+00:00
[2025-05-11 15:05:08] Retrieving page 1...
[2025-05-11 15:05:10] Newest tweet is from: 2025-05-11 21:01:13+00:00
[2025-05-11 15:05:10] Reached stop point at tweet from 2025-05-11 21:01:13+00:00
[2025-05-11 15:05:10] Retrieved 0 new tweets on page 1
[2025-05-11 15:05:10] Stopping pagination as we've reached the stop point
[2025-05-11 15:05:10] Retrieved a total of 0 tweets across 1 pages
[2025-05-11 15:05:10] No new tweets found with trust commands
[2025-05-11 15:05:10] Collection complete!
[2025-05-11 15:05:10] - 0 trust assignments processed
[2025-05-11 15:05:10] - 2 users in trust network
[2025-05-11 15:05:10] - 8 total trust relationships
[2025-05-11 15:15:08] === Starting Twitter Trust System Collection ===
[2025-05-11 15:15:08] Will collect tweets until reaching previous timestamp: 2025-05-11 21:01:13+00:00
[2025-05-11 15:15:08] Retrieving page 1...
[2025-05-11 15:15:10] Newest tweet is from: 2025-05-11 21:01:13+00:00
[2025-05-11 15:15:10] Reached stop point at tweet from 2025-05-11 21:01:13+00:00
[2025-05-11 15:15:10] Retrieved 0 new tweets on page 1
[2025-05-11 15:15:10] Stopping pagination as we've reached the stop point
[2025-05-11 15:15:10] Retrieved a total of 0 tweets across 1 pages
[2025-05-11 15:15:10] No new tweets found with trust commands
[2025-05-11 15:15:10] Collection complete!
[2025-05-11 15:15:10] - 0 trust assignments processed
[2025-05-11 15:15:10] - 2 users in trust network
[2025-05-11 15:15:10] - 8 total trust relationships
[2025-05-11 15:25:08] === Starting Twitter Trust System Collection ===
[2025-05-11 15:25:08] Will collect tweets until reaching previous timestamp: 2025-05-11 21:01:13+00:00
[2025-05-11 15:25:08] Retrieving page 1...
[2025-05-11 15:25:10] Newest tweet is from: 2025-05-11 21:01:13+00:00
[2025-05-11 15:25:10] Reached stop point at tweet from 2025-05-11 21:01:13+00:00
[2025-05-11 15:25:10] Retrieved 0 new tweets on page 1
[2025-05-11 15:25:10] Stopping pagination as we've reached the stop point
[2025-05-11 15:25:10] Retrieved a total of 0 tweets across 1 pages
[2025-05-11 15:25:10] No new tweets found with trust commands
[2025-05-11 15:25:10] Collection complete!
[2025-05-11 15:25:10] - 0 trust assignments processed
[2025-05-11 15:25:10] - 2 users in trust network
[2025-05-11 15:25:10] - 8 total trust relationships
[2025-05-11 15:35:08] === Starting Twitter Trust System Collection ===
[2025-05-11 15:35:08] Will collect tweets until reaching previous timestamp: 2025-05-11 21:01:13+00:00
[2025-05-11 15:35:08] Retrieving page 1...
[2025-05-11 15:35:10] Newest tweet is from: 2025-05-11 21:01:13+00:00
[2025-05-11 15:35:10] Reached stop point at tweet from 2025-05-11 21:01:13+00:00
[2025-05-11 15:35:10] Retrieved 0 new tweets on page 1
[2025-05-11 15:35:10] Stopping pagination as we've reached the stop point
[2025-05-11 15:35:10] Retrieved a total of 0 tweets across 1 pages
[2025-05-11 15:35:10] No new tweets found with trust commands
[2025-05-11 15:35:10] Collection complete!
[2025-05-11 15:35:10] - 0 trust assignments processed
[2025-05-11 15:35:10] - 2 users in trust network
[2025-05-11 15:35:10] - 8 total trust relationships
[2025-05-11 15:45:08] === Starting Twitter Trust System Collection ===
[2025-05-11 15:45:08] Will collect tweets until reaching previous timestamp: 2025-05-11 21:01:13+00:00
[2025-05-11 15:45:08] Retrieving page 1...
[2025-05-11 15:45:10] Newest tweet is from: 2025-05-11 21:01:13+00:00
[2025-05-11 15:45:10] Reached stop point at tweet from 2025-05-11 21:01:13+00:00
[2025-05-11 15:45:10] Retrieved 0 new tweets on page 1
[2025-05-11 15:45:10] Stopping pagination as we've reached the stop point
[2025-05-11 15:45:10] Retrieved a total of 0 tweets across 1 pages
[2025-05-11 15:45:10] No new tweets found with trust commands
[2025-05-11 15:45:10] Collection complete!
[2025-05-11 15:45:10] - 0 trust assignments processed
[2025-05-11 15:45:10] - 2 users in trust network
[2025-05-11 15:45:10] - 8 total trust relationships
[2025-05-11 15:55:08] === Starting Twitter Trust System Collection ===
[2025-05-11 15:55:08] Will collect tweets until reaching previous timestamp: 2025-05-11 21:01:13+00:00
[2025-05-11 15:55:08] Retrieving page 1...
[2025-05-11 15:55:10] Newest tweet is from: 2025-05-11 21:01:13+00:00
[2025-05-11 15:55:10] Reached stop point at tweet from 2025-05-11 21:01:13+00:00
[2025-05-11 15:55:10] Retrieved 0 new tweets on page 1
[2025-05-11 15:55:10] Stopping pagination as we've reached the stop point
[2025-05-11 15:55:10] Retrieved a total of 0 tweets across 1 pages
[2025-05-11 15:55:10] No new tweets found with trust commands
[2025-05-11 15:55:10] Collection complete!
[2025-05-11 15:55:10] - 0 trust assignments processed
[2025-05-11 15:55:10] - 2 users in trust network
[2025-05-11 15:55:10] - 8 total trust relationships
[2025-05-11 16:05:08] === Starting Twitter Trust System Collection ===
[2025-05-11 16:05:08] Will collect tweets until reaching previous timestamp: 2025-05-11 21:01:13+00:00
[2025-05-11 16:05:08] Retrieving page 1...
[2025-05-11 16:05:10] Newest tweet is from: 2025-05-11 21:01:13+00:00
[2025-05-11 16:05:10] Reached stop point at tweet from 2025-05-11 21:01:13+00:00
[2025-05-11 16:05:10] Retrieved 0 new tweets on page 1
[2025-05-11 16:05:10] Stopping pagination as we've reached the stop point
[2025-05-11 16:05:10] Retrieved a total of 0 tweets across 1 pages
[2025-05-11 16:05:10] No new tweets found with trust commands
[2025-05-11 16:05:10] Collection complete!
[2025-05-11 16:05:10] - 0 trust assignments processed
[2025-05-11 16:05:10] - 2 users in trust network
[2025-05-11 16:05:10] - 8 total trust relationships
[2025-05-11 16:15:08] === Starting Twitter Trust System Collection ===
[2025-05-11 16:15:08] Will collect tweets until reaching previous timestamp: 2025-05-11 21:01:13+00:00
[2025-05-11 16:15:08] Retrieving page 1...
[2025-05-11 16:15:10] Newest tweet is from: 2025-05-11 21:01:13+00:00
[2025-05-11 16:15:10] Reached stop point at tweet from 2025-05-11 21:01:13+00:00
[2025-05-11 16:15:10] Retrieved 0 new tweets on page 1
[2025-05-11 16:15:10] Stopping pagination as we've reached the stop point
[2025-05-11 16:15:10] Retrieved a total of 0 tweets across 1 pages
[2025-05-11 16:15:10] No new tweets found with trust commands
[2025-05-11 16:15:10] Collection complete!
[2025-05-11 16:15:10] - 0 trust assignments processed
[2025-05-11 16:15:10] - 2 users in trust network
[2025-05-11 16:15:10] - 8 total trust relationships
[2025-05-11 16:25:08] === Starting Twitter Trust System Collection ===
[2025-05-11 16:25:08] Will collect tweets until reaching previous timestamp: 2025-05-11 21:01:13+00:00
[2025-05-11 16:25:08] Retrieving page 1...
[2025-05-11 16:25:10] Newest tweet is from: 2025-05-11 21:01:13+00:00
[2025-05-11 16:25:10] Reached stop point at tweet from 2025-05-11 21:01:13+00:00
[2025-05-11 16:25:10] Retrieved 0 new tweets on page 1
[2025-05-11 16:25:10] Stopping pagination as we've reached the stop point
[2025-05-11 16:25:10] Retrieved a total of 0 tweets across 1 pages
[2025-05-11 16:25:10] No new tweets found with trust commands
[2025-05-11 16:25:10] Collection complete!
[2025-05-11 16:25:10] - 0 trust assignments processed
[2025-05-11 16:25:10] - 2 users in trust network
[2025-05-11 16:25:10] - 8 total trust relationships
[2025-05-11 16:35:08] === Starting Twitter Trust System Collection ===
[2025-05-11 16:35:08] Will collect tweets until reaching previous timestamp: 2025-05-11 21:01:13+00:00
[2025-05-11 16:35:08] Retrieving page 1...
[2025-05-11 16:35:10] Newest tweet is from: 2025-05-11 21:01:13+00:00
[2025-05-11 16:35:10] Reached stop point at tweet from 2025-05-11 21:01:13+00:00
[2025-05-11 16:35:10] Retrieved 0 new tweets on page 1
[2025-05-11 16:35:10] Stopping pagination as we've reached the stop point
[2025-05-11 16:35:10] Retrieved a total of 0 tweets across 1 pages
[2025-05-11 16:35:10] No new tweets found with trust commands
[2025-05-11 16:35:10] Collection complete!
[2025-05-11 16:35:10] - 0 trust assignments processed
[2025-05-11 16:35:10] - 2 users in trust network
[2025-05-11 16:35:10] - 8 total trust relationships
[2025-05-11 16:45:08] === Starting Twitter Trust System Collection ===
[2025-05-11 16:45:08] Will collect tweets until reaching previous timestamp: 2025-05-11 21:01:13+00:00
[2025-05-11 16:45:08] Retrieving page 1...
[2025-05-11 16:45:10] Newest tweet is from: 2025-05-11 21:01:13+00:00
[2025-05-11 16:45:10] Reached stop point at tweet from 2025-05-11 21:01:13+00:00
[2025-05-11 16:45:10] Retrieved 0 new tweets on page 1
[2025-05-11 16:45:10] Stopping pagination as we've reached the stop point
[2025-05-11 16:45:10] Retrieved a total of 0 tweets across 1 pages
[2025-05-11 16:45:10] No new tweets found with trust commands
[2025-05-11 16:45:10] Collection complete!
[2025-05-11 16:45:10] - 0 trust assignments processed
[2025-05-11 16:45:10] - 2 users in trust network
[2025-05-11 16:45:10] - 8 total trust relationships
[2025-05-11 16:55:08] === Starting Twitter Trust System Collection ===
[2025-05-11 16:55:08] Will collect tweets until reaching previous timestamp: 2025-05-11 21:01:13+00:00
[2025-05-11 16:55:08] Retrieving page 1...
[2025-05-11 16:55:11] Newest tweet is from: 2025-05-11 21:01:13+00:00
[2025-05-11 16:55:11] Reached stop point at tweet from 2025-05-11 21:01:13+00:00
[2025-05-11 16:55:11] Retrieved 0 new tweets on page 1
[2025-05-11 16:55:11] Stopping pagination as we've reached the stop point
[2025-05-11 16:55:11] Retrieved a total of 0 tweets across 1 pages
[2025-05-11 16:55:11] No new tweets found with trust commands
[2025-05-11 16:55:11] Collection complete!
[2025-05-11 16:55:11] - 0 trust assignments processed
[2025-05-11 16:55:11] - 2 users in trust network
[2025-05-11 16:55:11] - 8 total trust relationships
[2025-05-11 17:05:08] === Starting Twitter Trust System Collection ===
[2025-05-11 17:05:08] Will collect tweets until reaching previous timestamp: 2025-05-11 21:01:13+00:00
[2025-05-11 17:05:08] Retrieving page 1...
[2025-05-11 17:05:10] Newest tweet is from: 2025-05-11 21:01:13+00:00
[2025-05-11 17:05:10] Reached stop point at tweet from 2025-05-11 21:01:13+00:00
[2025-05-11 17:05:10] Retrieved 0 new tweets on page 1
[2025-05-11 17:05:10] Stopping pagination as we've reached the stop point
[2025-05-11 17:05:10] Retrieved a total of 0 tweets across 1 pages
[2025-05-11 17:05:10] No new tweets found with trust commands
[2025-05-11 17:05:10] Collection complete!
[2025-05-11 17:05:10] - 0 trust assignments processed
[2025-05-11 17:05:10] - 2 users in trust network
[2025-05-11 17:05:10] - 8 total trust relationships
[2025-05-11 17:15:08] === Starting Twitter Trust System Collection ===
[2025-05-11 17:15:08] Will collect tweets until reaching previous timestamp: 2025-05-11 21:01:13+00:00
[2025-05-11 17:15:08] Retrieving page 1...
[2025-05-11 17:15:10] Newest tweet is from: 2025-05-11 21:01:13+00:00
[2025-05-11 17:15:10] Reached stop point at tweet from 2025-05-11 21:01:13+00:00
[2025-05-11 17:15:10] Retrieved 0 new tweets on page 1
[2025-05-11 17:15:10] Stopping pagination as we've reached the stop point
[2025-05-11 17:15:10] Retrieved a total of 0 tweets across 1 pages
[2025-05-11 17:15:10] No new tweets found with trust commands
[2025-05-11 17:15:10] Collection complete!
[2025-05-11 17:15:10] - 0 trust assignments processed
[2025-05-11 17:15:10] - 2 users in trust network
[2025-05-11 17:15:10] - 8 total trust relationships
[2025-05-11 17:15:10] Calculating trust scores from collected data...
[2025-05-10 15:14:36] === Starting Trust Score Calculation ===
[2025-05-10 15:14:36] Starting trust score calculation...
[2025-05-10 15:14:36] Found 2 users in the trust network
[2025-05-10 15:14:36] Building trust network graph...
[2025-05-10 15:14:36] Calculating PageRank scores...
[2025-05-10 15:14:36] Warning: PageRank calculation failed (No module named 'scipy'), using basic scoring
[2025-05-10 15:14:36] Applying distrust penalties...
[2025-05-10 15:14:36] Detecting communities...
[2025-05-10 15:14:36] Creating JSON data structure...
[2025-05-10 15:14:36] Successfully generated js/data.js with:
[2025-05-10 15:14:36] - 2 users
[2025-05-10 15:14:36] - 1 trust relationships
[2025-05-10 15:14:36] - 1 communities
[2025-05-10 15:14:36] Trust calculation completed successfully.
[2025-05-10 15:42:46] === Starting Trust Score Calculation ===
[2025-05-10 15:42:46] Starting trust score calculation...
[2025-05-10 15:42:46] Found 3 users in the trust network
[2025-05-10 15:42:46] Building trust network graph...
[2025-05-10 15:42:46] Calculating PageRank scores...
[2025-05-10 15:42:46] Warning: PageRank calculation failed (No module named 'scipy'), using basic scoring
[2025-05-10 15:42:46] Applying distrust penalties...
[2025-05-10 15:42:46] Detecting communities...
[2025-05-10 15:42:46] Creating JSON data structure...
[2025-05-10 15:42:46] Successfully generated js/data.js with:
[2025-05-10 15:42:46] - 3 users
[2025-05-10 15:42:46] - 2 trust relationships
[2025-05-10 15:42:46] - 1 communities
[2025-05-10 15:42:46] Trust calculation completed successfully.
[2025-05-10 15:44:04] === Starting Trust Score Calculation ===
[2025-05-10 15:44:04] Starting trust score calculation...
[2025-05-10 15:44:04] Found 3 users in the trust network
[2025-05-10 15:44:04] Building trust network graph...
[2025-05-10 15:44:04] Calculating PageRank scores...
[2025-05-10 15:44:04] Warning: PageRank calculation failed (No module named 'scipy'), using basic scoring
[2025-05-10 15:44:04] Applying distrust penalties...
[2025-05-10 15:44:04] Detecting communities...
[2025-05-10 15:44:04] Creating JSON data structure...
[2025-05-10 15:44:04] Successfully generated js/data.js with:
[2025-05-10 15:44:04] - 3 users
[2025-05-10 15:44:04] - 2 trust relationships
[2025-05-10 15:44:04] - 1 communities
[2025-05-10 15:44:04] Trust calculation completed successfully.
[2025-05-10 15:45:42] === Starting Trust Score Calculation ===
[2025-05-10 15:45:42] Starting trust score calculation...
[2025-05-10 15:45:42] Found 3 users in the trust network
[2025-05-10 15:45:42] Building trust network graph...
[2025-05-10 15:45:42] Calculating PageRank scores...
[2025-05-10 15:45:42] Warning: PageRank calculation failed (No module named 'scipy'), using basic scoring
[2025-05-10 15:45:42] Applying distrust penalties...
[2025-05-10 15:45:42] Detecting communities...
[2025-05-10 15:45:42] Creating JSON data structure...
[2025-05-10 15:45:42] Successfully generated js/data.js with:
[2025-05-10 15:45:42] - 3 users
[2025-05-10 15:45:42] - 2 trust relationships
[2025-05-10 15:45:42] - 1 communities
[2025-05-10 15:45:42] Trust calculation completed successfully.
[2025-05-11 06:39:09] === Starting Trust Score Calculation ===
[2025-05-11 06:39:09] Starting trust score calculation...
[2025-05-11 06:39:09] Found 3 users in the trust network
[2025-05-11 06:39:09] Building trust network graph...
[2025-05-11 06:39:09] Calculating PageRank scores...
[2025-05-11 06:39:09] Warning: PageRank calculation failed (No module named 'scipy'), using basic scoring
[2025-05-11 06:39:09] Applying distrust penalties...
[2025-05-11 06:39:09] Detecting communities...
[2025-05-11 06:39:09] Creating JSON data structure...
[2025-05-11 06:39:09] Successfully generated js/data.js with:
[2025-05-11 06:39:09] - 3 users
[2025-05-11 06:39:09] - 3 trust relationships
[2025-05-11 06:39:09] - 1 communities
[2025-05-11 06:39:09] Trust calculation completed successfully.
[2025-05-11 07:04:26] === Starting Trust Score Calculation ===
[2025-05-11 07:04:26] Starting trust score calculation...
[2025-05-11 07:04:26] Found 3 users in the trust network
[2025-05-11 07:04:26] Building trust network graph...
[2025-05-11 07:04:26] Calculating PageRank scores...
[2025-05-11 07:04:26] Warning: PageRank calculation failed (No module named 'scipy'), using basic scoring
[2025-05-11 07:04:26] Applying distrust penalties...
[2025-05-11 07:04:26] Detecting communities...
[2025-05-11 07:04:26] Creating JSON data structure...
[2025-05-11 07:04:26] Successfully generated js/data.js with:
[2025-05-11 07:04:26] - 3 users
[2025-05-11 07:04:26] - 3 trust relationships
[2025-05-11 07:04:26] - 1 communities
[2025-05-11 07:04:26] Trust calculation completed successfully.
[2025-05-11 09:41:24] === Starting Trust Score Calculation ===
[2025-05-11 09:41:24] Starting trust score calculation...
[2025-05-11 09:41:24] Found 4 users in the trust network
[2025-05-11 09:41:24] Building trust network graph...
[2025-05-11 09:41:24] Calculating PageRank scores...
[2025-05-11 09:41:25] Applying distrust penalties...
[2025-05-11 09:41:25] Detecting communities...
[2025-05-11 09:41:25] Creating JSON data structure...
[2025-05-11 09:41:25] Successfully generated js/data.js with:
[2025-05-11 09:41:25] - 4 users
[2025-05-11 09:41:25] - 4 trust relationships
[2025-05-11 09:41:25] - 2 communities
[2025-05-11 09:41:25] Trust calculation completed successfully.
[2025-05-11 09:43:37] === Starting Trust Score Calculation ===
[2025-05-11 09:43:37] Starting trust score calculation...
[2025-05-11 09:43:37] Found 4 users in the trust network
[2025-05-11 09:43:37] Building trust network graph...
[2025-05-11 09:43:37] Calculating PageRank scores...
[2025-05-11 09:43:37] Applying distrust penalties...
[2025-05-11 09:43:37] Detecting communities...
[2025-05-11 09:43:37] Creating JSON data structure...
[2025-05-11 09:43:37] Successfully generated js/data.js with:
[2025-05-11 09:43:37] - 4 users
[2025-05-11 09:43:37] - 4 trust relationships
[2025-05-11 09:43:37] - 2 communities
[2025-05-11 09:43:37] Trust calculation completed successfully.
[2025-05-11 10:29:46] === Starting Trust Score Calculation ===
[2025-05-11 10:29:46] Starting trust score calculation...
[2025-05-11 10:29:46] Found 5 users in the trust network
[2025-05-11 10:29:46] Building trust network graph...
[2025-05-11 10:29:46] Calculating PageRank scores...
[2025-05-11 10:29:46] Applying distrust penalties...
[2025-05-11 10:29:46] Detecting communities...
[2025-05-11 10:29:46] Creating JSON data structure...
[2025-05-11 10:29:46] Successfully generated js/data.js with:
[2025-05-11 10:29:46] - 5 users
[2025-05-11 10:29:46] - 5 trust relationships
[2025-05-11 10:29:46] - 3 communities
[2025-05-11 10:29:46] Trust calculation completed successfully.
[2025-05-11 11:25:49] === Starting Trust Score Calculation ===
[2025-05-11 11:25:49] Starting trust score calculation...
[2025-05-11 11:25:49] Found 5 users in the trust network
[2025-05-11 11:25:49] Building trust network graph...
[2025-05-11 11:25:49] Calculating PageRank scores...
[2025-05-11 11:25:49] Applying distrust penalties...
[2025-05-11 11:25:49] Detecting communities...
[2025-05-11 11:25:49] Creating JSON data structure...
[2025-05-11 11:25:49] Successfully generated js/data.js with:
[2025-05-11 11:25:49] - 5 users
[2025-05-11 11:25:49] - 5 trust relationships
[2025-05-11 11:25:49] - 3 communities
[2025-05-11 11:25:49] Trust calculation completed successfully.
[2025-05-11 11:29:30] === Starting Trust Score Calculation ===
[2025-05-11 11:29:30] Starting trust score calculation...
[2025-05-11 11:29:30] Found 5 users in the trust network
[2025-05-11 11:29:30] Building trust network graph...
[2025-05-11 11:29:30] Calculating PageRank scores...
[2025-05-11 11:29:31] Applying distrust penalties...
[2025-05-11 11:29:31] Detecting communities...
[2025-05-11 11:29:31] Creating JSON data structure...
[2025-05-11 11:29:31] Successfully generated js/data.js with:
[2025-05-11 11:29:31] - 5 users
[2025-05-11 11:29:31] - 5 trust relationships
[2025-05-11 11:29:31] - 3 communities
[2025-05-11 11:29:31] Trust calculation completed successfully.
[2025-05-11 13:15:13] === Starting Trust Score Calculation ===
[2025-05-11 13:15:13] Starting trust score calculation...
[2025-05-11 13:15:13] Found 6 users in the trust network
[2025-05-11 13:15:13] Building trust network graph...
[2025-05-11 13:15:13] Calculating PageRank scores...
[2025-05-11 13:15:13] Applying distrust penalties...
[2025-05-11 13:15:13] Detecting communities...
[2025-05-11 13:15:13] Creating JSON data structure...
[2025-05-11 13:15:13] Successfully generated js/data.js with:
[2025-05-11 13:15:13] - 6 users
[2025-05-11 13:15:13] - 6 trust relationships
[2025-05-11 13:15:13] - 4 communities
[2025-05-11 13:15:13] Trust calculation completed successfully.
[2025-05-11 13:25:12] === Starting Trust Score Calculation ===
[2025-05-11 13:25:12] Starting trust score calculation...
[2025-05-11 13:25:12] Found 7 users in the trust network
[2025-05-11 13:25:12] Building trust network graph...
[2025-05-11 13:25:12] Calculating PageRank scores...
[2025-05-11 13:25:12] Applying distrust penalties...
[2025-05-11 13:25:12] Detecting communities...
[2025-05-11 13:25:12] Creating JSON data structure...
[2025-05-11 13:25:12] Successfully generated js/data.js with:
[2025-05-11 13:25:12] - 7 users
[2025-05-11 13:25:12] - 7 trust relationships
[2025-05-11 13:25:12] - 5 communities
[2025-05-11 13:25:12] Trust calculation completed successfully.
[2025-05-11 13:35:12] === Starting Trust Score Calculation ===
[2025-05-11 13:35:12] Starting trust score calculation...
[2025-05-11 13:35:12] Found 7 users in the trust network
[2025-05-11 13:35:12] Building trust network graph...
[2025-05-11 13:35:12] Calculating PageRank scores...
[2025-05-11 13:35:12] Applying distrust penalties...
[2025-05-11 13:35:12] Detecting communities...
[2025-05-11 13:35:12] Creating JSON data structure...
[2025-05-11 13:35:12] Successfully generated js/data.js with:
[2025-05-11 13:35:12] - 7 users
[2025-05-11 13:35:12] - 7 trust relationships
[2025-05-11 13:35:12] - 5 communities
[2025-05-11 13:35:12] Trust calculation completed successfully.
[2025-05-11 13:45:12] === Starting Trust Score Calculation ===
[2025-05-11 13:45:12] Starting trust score calculation...
[2025-05-11 13:45:12] Found 7 users in the trust network
[2025-05-11 13:45:12] Building trust network graph...
[2025-05-11 13:45:12] Calculating PageRank scores...
[2025-05-11 13:45:12] Applying distrust penalties...
[2025-05-11 13:45:12] Detecting communities...
[2025-05-11 13:45:12] Creating JSON data structure...
[2025-05-11 13:45:12] Successfully generated js/data.js with:
[2025-05-11 13:45:12] - 7 users
[2025-05-11 13:45:12] - 7 trust relationships
[2025-05-11 13:45:12] - 5 communities
[2025-05-11 13:45:12] Trust calculation completed successfully.
[2025-05-11 13:55:13] === Starting Trust Score Calculation ===
[2025-05-11 13:55:13] Starting trust score calculation...
[2025-05-11 13:55:13] Found 7 users in the trust network
[2025-05-11 13:55:13] Building trust network graph...
[2025-05-11 13:55:13] Calculating PageRank scores...
[2025-05-11 13:55:13] Applying distrust penalties...
[2025-05-11 13:55:13] Detecting communities...
[2025-05-11 13:55:13] Creating JSON data structure...
[2025-05-11 13:55:13] Successfully generated js/data.js with:
[2025-05-11 13:55:13] - 7 users
[2025-05-11 13:55:13] - 7 trust relationships
[2025-05-11 13:55:13] - 5 communities
[2025-05-11 13:55:13] Trust calculation completed successfully.
[2025-05-11 14:05:12] === Starting Trust Score Calculation ===
[2025-05-11 14:05:12] Starting trust score calculation...
[2025-05-11 14:05:12] Found 8 users in the trust network
[2025-05-11 14:05:12] Building trust network graph...
[2025-05-11 14:05:12] Calculating PageRank scores...
[2025-05-11 14:05:12] Applying distrust penalties...
[2025-05-11 14:05:12] Detecting communities...
[2025-05-11 14:05:12] Creating JSON data structure...
[2025-05-11 14:05:12] Successfully generated js/data.js with:
[2025-05-11 14:05:12] - 8 users
[2025-05-11 14:05:12] - 8 trust relationships
[2025-05-11 14:05:12] - 6 communities
[2025-05-11 14:05:12] Trust calculation completed successfully.
[2025-05-11 14:15:12] === Starting Trust Score Calculation ===
[2025-05-11 14:15:12] Starting trust score calculation...
[2025-05-11 14:15:12] Found 8 users in the trust network
[2025-05-11 14:15:12] Building trust network graph...
[2025-05-11 14:15:12] Calculating PageRank scores...
[2025-05-11 14:15:12] Applying distrust penalties...
[2025-05-11 14:15:12] Detecting communities...
[2025-05-11 14:15:12] Creating JSON data structure...
[2025-05-11 14:15:12] Successfully generated js/data.js with:
[2025-05-11 14:15:12] - 8 users
[2025-05-11 14:15:12] - 8 trust relationships
[2025-05-11 14:15:12] - 6 communities
[2025-05-11 14:15:12] Trust calculation completed successfully.
[2025-05-11 14:25:12] === Starting Trust Score Calculation ===
[2025-05-11 14:25:12] Starting trust score calculation...
[2025-05-11 14:25:12] Found 8 users in the trust network
[2025-05-11 14:25:12] Building trust network graph...
[2025-05-11 14:25:12] Calculating PageRank scores...
[2025-05-11 14:25:12] Applying distrust penalties...
[2025-05-11 14:25:12] Detecting communities...
[2025-05-11 14:25:12] Creating JSON data structure...
[2025-05-11 14:25:12] Successfully generated js/data.js with:
[2025-05-11 14:25:12] - 8 users
[2025-05-11 14:25:12] - 8 trust relationships
[2025-05-11 14:25:12] - 6 communities
[2025-05-11 14:25:12] Trust calculation completed successfully.
[2025-05-11 14:35:11] === Starting Trust Score Calculation ===
[2025-05-11 14:35:11] Starting trust score calculation...
[2025-05-11 14:35:11] Found 8 users in the trust network
[2025-05-11 14:35:11] Building trust network graph...
[2025-05-11 14:35:11] Calculating PageRank scores...
[2025-05-11 14:35:12] Applying distrust penalties...
[2025-05-11 14:35:12] Detecting communities...
[2025-05-11 14:35:12] Creating JSON data structure...
[2025-05-11 14:35:12] Successfully generated js/data.js with:
[2025-05-11 14:35:12] - 8 users
[2025-05-11 14:35:12] - 8 trust relationships
[2025-05-11 14:35:12] - 6 communities
[2025-05-11 14:35:12] Trust calculation completed successfully.
[2025-05-11 14:45:11] === Starting Trust Score Calculation ===
[2025-05-11 14:45:11] Starting trust score calculation...
[2025-05-11 14:45:11] Found 8 users in the trust network
[2025-05-11 14:45:11] Building trust network graph...
[2025-05-11 14:45:11] Calculating PageRank scores...
[2025-05-11 14:45:12] Applying distrust penalties...
[2025-05-11 14:45:12] Detecting communities...
[2025-05-11 14:45:12] Creating JSON data structure...
[2025-05-11 14:45:12] Successfully generated js/data.js with:
[2025-05-11 14:45:12] - 8 users
[2025-05-11 14:45:12] - 8 trust relationships
[2025-05-11 14:45:12] - 6 communities
[2025-05-11 14:45:12] Trust calculation completed successfully.
[2025-05-11 14:55:11] === Starting Trust Score Calculation ===
[2025-05-11 14:55:11] Starting trust score calculation...
[2025-05-11 14:55:11] Found 8 users in the trust network
[2025-05-11 14:55:11] Building trust network graph...
[2025-05-11 14:55:11] Calculating PageRank scores...
[2025-05-11 14:55:12] Applying distrust penalties...
[2025-05-11 14:55:12] Detecting communities...
[2025-05-11 14:55:12] Creating JSON data structure...
[2025-05-11 14:55:12] Successfully generated js/data.js with:
[2025-05-11 14:55:12] - 8 users
[2025-05-11 14:55:12] - 8 trust relationships
[2025-05-11 14:55:12] - 6 communities
[2025-05-11 14:55:12] Trust calculation completed successfully.
[2025-05-11 15:05:12] === Starting Trust Score Calculation ===
[2025-05-11 15:05:12] Starting trust score calculation...
[2025-05-11 15:05:12] Found 8 users in the trust network
[2025-05-11 15:05:12] Building trust network graph...
[2025-05-11 15:05:12] Calculating PageRank scores...
[2025-05-11 15:05:12] Applying distrust penalties...
[2025-05-11 15:05:12] Detecting communities...
[2025-05-11 15:05:12] Creating JSON data structure...
[2025-05-11 15:05:12] Successfully generated js/data.js with:
[2025-05-11 15:05:12] - 8 users
[2025-05-11 15:05:12] - 8 trust relationships
[2025-05-11 15:05:12] - 6 communities
[2025-05-11 15:05:12] Trust calculation completed successfully.
[2025-05-11 15:15:12] === Starting Trust Score Calculation ===
[2025-05-11 15:15:12] Starting trust score calculation...
[2025-05-11 15:15:12] Found 8 users in the trust network
[2025-05-11 15:15:12] Building trust network graph...
[2025-05-11 15:15:12] Calculating PageRank scores...
[2025-05-11 15:15:12] Applying distrust penalties...
[2025-05-11 15:15:12] Detecting communities...
[2025-05-11 15:15:12] Creating JSON data structure...
[2025-05-11 15:15:12] Successfully generated js/data.js with:
[2025-05-11 15:15:12] - 8 users
[2025-05-11 15:15:12] - 8 trust relationships
[2025-05-11 15:15:12] - 6 communities
[2025-05-11 15:15:12] Trust calculation completed successfully.
[2025-05-11 15:25:12] === Starting Trust Score Calculation ===
[2025-05-11 15:25:12] Starting trust score calculation...
[2025-05-11 15:25:12] Found 8 users in the trust network
[2025-05-11 15:25:12] Building trust network graph...
[2025-05-11 15:25:12] Calculating PageRank scores...
[2025-05-11 15:25:12] Applying distrust penalties...
[2025-05-11 15:25:12] Detecting communities...
[2025-05-11 15:25:12] Creating JSON data structure...
[2025-05-11 15:25:12] Successfully generated js/data.js with:
[2025-05-11 15:25:12] - 8 users
[2025-05-11 15:25:12] - 8 trust relationships
[2025-05-11 15:25:12] - 6 communities
[2025-05-11 15:25:12] Trust calculation completed successfully.
[2025-05-11 15:35:12] === Starting Trust Score Calculation ===
[2025-05-11 15:35:12] Starting trust score calculation...
[2025-05-11 15:35:12] Found 8 users in the trust network
[2025-05-11 15:35:12] Building trust network graph...
[2025-05-11 15:35:12] Calculating PageRank scores...
[2025-05-11 15:35:12] Applying distrust penalties...
[2025-05-11 15:35:12] Detecting communities...
[2025-05-11 15:35:12] Creating JSON data structure...
[2025-05-11 15:35:12] Successfully generated js/data.js with:
[2025-05-11 15:35:12] - 8 users
[2025-05-11 15:35:12] - 8 trust relationships
[2025-05-11 15:35:12] - 6 communities
[2025-05-11 15:35:12] Trust calculation completed successfully.
[2025-05-11 15:45:12] === Starting Trust Score Calculation ===
[2025-05-11 15:45:12] Starting trust score calculation...
[2025-05-11 15:45:12] Found 8 users in the trust network
[2025-05-11 15:45:12] Building trust network graph...
[2025-05-11 15:45:12] Calculating PageRank scores...
[2025-05-11 15:45:12] Applying distrust penalties...
[2025-05-11 15:45:12] Detecting communities...
[2025-05-11 15:45:12] Creating JSON data structure...
[2025-05-11 15:45:12] Successfully generated js/data.js with:
[2025-05-11 15:45:12] - 8 users
[2025-05-11 15:45:12] - 8 trust relationships
[2025-05-11 15:45:12] - 6 communities
[2025-05-11 15:45:12] Trust calculation completed successfully.
[2025-05-11 15:55:12] === Starting Trust Score Calculation ===
[2025-05-11 15:55:12] Starting trust score calculation...
[2025-05-11 15:55:12] Found 8 users in the trust network
[2025-05-11 15:55:12] Building trust network graph...
[2025-05-11 15:55:12] Calculating PageRank scores...
[2025-05-11 15:55:12] Applying distrust penalties...
[2025-05-11 15:55:12] Detecting communities...
[2025-05-11 15:55:12] Creating JSON data structure...
[2025-05-11 15:55:12] Successfully generated js/data.js with:
[2025-05-11 15:55:12] - 8 users
[2025-05-11 15:55:12] - 8 trust relationships
[2025-05-11 15:55:12] - 6 communities
[2025-05-11 15:55:12] Trust calculation completed successfully.
[2025-05-11 16:05:12] === Starting Trust Score Calculation ===
[2025-05-11 16:05:12] Starting trust score calculation...
[2025-05-11 16:05:12] Found 8 users in the trust network
[2025-05-11 16:05:12] Building trust network graph...
[2025-05-11 16:05:12] Calculating PageRank scores...
[2025-05-11 16:05:12] Applying distrust penalties...
[2025-05-11 16:05:12] Detecting communities...
[2025-05-11 16:05:12] Creating JSON data structure...
[2025-05-11 16:05:12] Successfully generated js/data.js with:
[2025-05-11 16:05:12] - 8 users
[2025-05-11 16:05:12] - 8 trust relationships
[2025-05-11 16:05:12] - 6 communities
[2025-05-11 16:05:12] Trust calculation completed successfully.
[2025-05-11 16:15:12] === Starting Trust Score Calculation ===
[2025-05-11 16:15:12] Starting trust score calculation...
[2025-05-11 16:15:12] Found 8 users in the trust network
[2025-05-11 16:15:12] Building trust network graph...
[2025-05-11 16:15:12] Calculating PageRank scores...
[2025-05-11 16:15:12] Applying distrust penalties...
[2025-05-11 16:15:12] Detecting communities...
[2025-05-11 16:15:12] Creating JSON data structure...
[2025-05-11 16:15:12] Successfully generated js/data.js with:
[2025-05-11 16:15:12] - 8 users
[2025-05-11 16:15:12] - 8 trust relationships
[2025-05-11 16:15:12] - 6 communities
[2025-05-11 16:15:12] Trust calculation completed successfully.
[2025-05-11 16:25:12] === Starting Trust Score Calculation ===
[2025-05-11 16:25:12] Starting trust score calculation...
[2025-05-11 16:25:12] Found 8 users in the trust network
[2025-05-11 16:25:12] Building trust network graph...
[2025-05-11 16:25:12] Calculating PageRank scores...
[2025-05-11 16:25:12] Applying distrust penalties...
[2025-05-11 16:25:12] Detecting communities...
[2025-05-11 16:25:12] Creating JSON data structure...
[2025-05-11 16:25:12] Successfully generated js/data.js with:
[2025-05-11 16:25:12] - 8 users
[2025-05-11 16:25:12] - 8 trust relationships
[2025-05-11 16:25:12] - 6 communities
[2025-05-11 16:25:12] Trust calculation completed successfully.
[2025-05-11 16:35:12] === Starting Trust Score Calculation ===
[2025-05-11 16:35:12] Starting trust score calculation...
[2025-05-11 16:35:12] Found 8 users in the trust network
[2025-05-11 16:35:12] Building trust network graph...
[2025-05-11 16:35:12] Calculating PageRank scores...
[2025-05-11 16:35:12] Applying distrust penalties...
[2025-05-11 16:35:12] Detecting communities...
[2025-05-11 16:35:12] Creating JSON data structure...
[2025-05-11 16:35:12] Successfully generated js/data.js with:
[2025-05-11 16:35:12] - 8 users
[2025-05-11 16:35:12] - 8 trust relationships
[2025-05-11 16:35:12] - 6 communities
[2025-05-11 16:35:12] Trust calculation completed successfully.
[2025-05-11 16:45:12] === Starting Trust Score Calculation ===
[2025-05-11 16:45:12] Starting trust score calculation...
[2025-05-11 16:45:12] Found 8 users in the trust network
[2025-05-11 16:45:12] Building trust network graph...
[2025-05-11 16:45:12] Calculating PageRank scores...
[2025-05-11 16:45:12] Applying distrust penalties...
[2025-05-11 16:45:12] Detecting communities...
[2025-05-11 16:45:12] Creating JSON data structure...
[2025-05-11 16:45:12] Successfully generated js/data.js with:
[2025-05-11 16:45:12] - 8 users
[2025-05-11 16:45:12] - 8 trust relationships
[2025-05-11 16:45:12] - 6 communities
[2025-05-11 16:45:12] Trust calculation completed successfully.
[2025-05-11 16:55:13] === Starting Trust Score Calculation ===
[2025-05-11 16:55:13] Starting trust score calculation...
[2025-05-11 16:55:13] Found 8 users in the trust network
[2025-05-11 16:55:13] Building trust network graph...
[2025-05-11 16:55:13] Calculating PageRank scores...
[2025-05-11 16:55:13] Applying distrust penalties...
[2025-05-11 16:55:13] Detecting communities...
[2025-05-11 16:55:13] Creating JSON data structure...
[2025-05-11 16:55:13] Successfully generated js/data.js with:
[2025-05-11 16:55:13] - 8 users
[2025-05-11 16:55:13] - 8 trust relationships
[2025-05-11 16:55:13] - 6 communities
[2025-05-11 16:55:13] Trust calculation completed successfully.
[2025-05-11 17:05:12] === Starting Trust Score Calculation ===
[2025-05-11 17:05:12] Starting trust score calculation...
[2025-05-11 17:05:12] Found 8 users in the trust network
[2025-05-11 17:05:12] Building trust network graph...
[2025-05-11 17:05:12] Calculating PageRank scores...
[2025-05-11 17:05:12] Applying distrust penalties...
[2025-05-11 17:05:12] Detecting communities...
[2025-05-11 17:05:12] Creating JSON data structure...
[2025-05-11 17:05:12] Successfully generated js/data.js with:
[2025-05-11 17:05:12] - 8 users
[2025-05-11 17:05:12] - 8 trust relationships
[2025-05-11 17:05:12] - 6 communities
[2025-05-11 17:05:12] Trust calculation completed successfully.
[2025-05-11 17:15:12] === Starting Trust Score Calculation ===
[2025-05-11 17:15:12] Starting trust score calculation...
[2025-05-11 17:15:12] Found 8 users in the trust network
[2025-05-11 17:15:12] Building trust network graph...
[2025-05-11 17:15:12] Calculating PageRank scores...
[2025-05-11 17:15:12] Applying distrust penalties...
[2025-05-11 17:15:12] Detecting communities...
[2025-05-11 17:15:12] Creating JSON data structure...
[2025-05-11 17:15:12] Successfully generated js/data.js with:
[2025-05-11 17:15:12] - 8 users
[2025-05-11 17:15:12] - 8 trust relationships
[2025-05-11 17:15:12] - 6 communities
[2025-05-11 17:15:12] Trust calculation completed successfully.
[2025-05-11 17:15:12] Committing and pushing changes to GitHub...
